TN:
SF:script/Counter.s.sol
DA:10,0
FN:10,CounterScript.setUp
FNDA:0,CounterScript.setUp
DA:12,0
FN:12,CounterScript.run
FNDA:0,CounterScript.run
DA:13,0
DA:15,0
DA:17,0
FNF:2
FNH:0
LF:5
LH:0
BRF:0
BRH:0
end_of_record
TN:
SF:src/Counter.sol
DA:7,261
FN:7,Counter.setNumber
FNDA:261,Counter.setNumber
DA:8,261
DA:11,1
FN:11,Counter.increment
FNDA:1,Counter.increment
DA:12,1
FNF:2
FNH:2
LF:4
LH:4
BRF:0
BRH:0
end_of_record
TN:
SF:src/PlusPlusToken.sol
DA:35,5966
FN:35,PlusPlusToken._getPlusPlusTokenStorage
FNDA:5966,PlusPlusToken._getPlusPlusTokenStorage
DA:37,5966
DA:47,263
FN:47,PlusPlusToken.__PlusPlusToken_init
FNDA:263,PlusPlusToken.__PlusPlusToken_init
DA:51,263
DA:52,263
DA:53,263
DA:54,263
DA:55,263
DA:58,263
FN:58,PlusPlusToken.__PlusPlusToken_init_unchained
FNDA:263,PlusPlusToken.__PlusPlusToken_init_unchained
DA:62,263
DA:63,263
DA:64,263
DA:65,263
DA:71,263
FN:71,PlusPlusToken.initialize
FNDA:263,PlusPlusToken.initialize
DA:72,263
DA:78,260
FN:78,PlusPlusToken.rawToken
FNDA:260,PlusPlusToken.rawToken
DA:79,260
DA:85,1
FN:85,PlusPlusToken.earningToken
FNDA:1,PlusPlusToken.earningToken
DA:86,1
DA:92,1
FN:92,PlusPlusToken.targetRatio
FNDA:1,PlusPlusToken.targetRatio
DA:93,1
DA:99,2
FN:99,PlusPlusToken.lastTotalStake
FNDA:2,PlusPlusToken.lastTotalStake
DA:100,2
DA:103,1036
FN:103,PlusPlusToken._convertPoints
FNDA:1036,PlusPlusToken._convertPoints
DA:105,1036
DA:108,1036
DA:110,1036
DA:112,1036
DA:115,1036
FN:115,PlusPlusToken._updateTotalPoints
FNDA:1036,PlusPlusToken._updateTotalPoints
DA:117,1036
DA:119,1036
DA:121,1036
DA:122,1036
DA:128,777
FN:128,PlusPlusToken.deposit
FNDA:777,PlusPlusToken.deposit
DA:130,777
DA:133,777
DA:136,777
DA:139,777
DA:142,777
DA:145,777
DA:151,259
FN:151,PlusPlusToken.withdraw
FNDA:259,PlusPlusToken.withdraw
DA:153,259
DA:156,259
DA:159,259
DA:162,259
DA:165,259
DA:168,259
DA:171,1295
FN:171,PlusPlusToken.points
FNDA:1295,PlusPlusToken.points
DA:173,1295
DA:176,1295
DA:179,1295
DA:182,1036
FN:182,PlusPlusToken.totalPoints
FNDA:1036,PlusPlusToken.totalPoints
DA:184,1036
DA:187,1036
FNF:14
FNH:14
LF:54
LH:54
BRF:0
BRH:0
end_of_record
TN:
SF:src/PlusPlusWrapperHook.sol
DA:30,4
FN:30,PlusPlusWrapperHook.getHookPermissions
FNDA:4,PlusPlusWrapperHook.getHookPermissions
DA:31,4
DA:49,1034
FN:49,PlusPlusWrapperHook._beforeInitialize
FNDA:1034,PlusPlusWrapperHook._beforeInitialize
DA:50,1034
BRDA:50,0,0,259
DA:51,259
DA:53,775
BRDA:53,1,0,259
DA:54,259
DA:58,516
DA:59,516
DA:61,516
BRDA:61,2,0,238
DA:62,238
DA:63,238
BRDA:63,3,0,238
DA:64,238
DA:68,278
DA:71,278
BRDA:71,4,0,21
DA:72,21
DA:73,21
BRDA:73,5,0,21
DA:74,21
DA:78,257
FNF:2
FNH:2
LF:19
LH:19
BRF:6
BRH:6
end_of_record
TN:
SF:test/utils/EasyPosm.sol
DA:30,0
FN:30,EasyPosm.mint
FNDA:0,EasyPosm.mint
DA:42,0
DA:44,0
DA:49,0
DA:51,0
DA:54,0
DA:55,0
DA:56,0
DA:60,0
DA:66,0
FN:66,EasyPosm.increaseLiquidity
FNDA:0,EasyPosm.increaseLiquidity
DA:75,0
DA:77,0
DA:78,0
DA:79,0
DA:80,0
DA:82,0
DA:83,0
DA:85,0
DA:86,0
DA:96,0
DA:102,0
FN:102,EasyPosm.decreaseLiquidity
FNDA:0,EasyPosm.decreaseLiquidity
DA:112,0
DA:114,0
DA:115,0
DA:116,0
DA:118,0
DA:119,0
DA:121,0
DA:125,0
DA:131,0
FN:131,EasyPosm.collect
FNDA:0,EasyPosm.collect
DA:140,0
DA:142,0
DA:144,0
DA:145,0
DA:147,0
DA:148,0
DA:150,0
DA:154,0
DA:160,0
FN:160,EasyPosm.burn
FNDA:0,EasyPosm.burn
DA:169,0
DA:171,0
DA:172,0
DA:173,0
DA:175,0
DA:176,0
DA:178,0
DA:182,0
DA:188,0
FN:188,EasyPosm.getCurrencies
FNDA:0,EasyPosm.getCurrencies
DA:193,0
DA:194,0
FNF:6
FNH:0
LF:50
LH:0
BRF:0
BRH:0
end_of_record
TN:
SF:test/utils/Fixtures.sol
DA:29,0
FN:29,Fixtures.deployAndApprovePosm
FNDA:0,Fixtures.deployAndApprovePosm
DA:30,0
DA:31,0
DA:34,4
FN:34,Fixtures.deployPosm
FNDA:4,Fixtures.deployPosm
DA:36,4
DA:37,4
DA:42,0
FN:42,Fixtures.seedBalance
FNDA:0,Fixtures.seedBalance
DA:43,0
DA:44,0
DA:47,0
FN:47,Fixtures.approvePosm
FNDA:0,Fixtures.approvePosm
DA:48,0
DA:49,0
DA:52,0
FN:52,Fixtures.approvePosmCurrency
FNDA:0,Fixtures.approvePosmCurrency
DA:55,0
DA:57,0
DA:61,0
FN:61,Fixtures.approvePosmFor
FNDA:0,Fixtures.approvePosmFor
DA:62,0
DA:63,0
DA:64,0
DA:67,0
FN:67,Fixtures.permit
FNDA:0,Fixtures.permit
DA:68,0
DA:70,0
DA:71,0
DA:73,0
DA:74,0
DA:77,0
FN:77,Fixtures.getDigest
FNDA:0,Fixtures.getDigest
DA:82,0
FNF:8
FNH:1
LF:27
LH:3
BRF:0
BRH:0
end_of_record
TN:
SF:test/utils/MinimalRouter.sol
DA:30,0
FN:30,MinimalRouter.swap
FNDA:0,MinimalRouter.swap
DA:35,0
DA:39,0
DA:40,0
BRDA:40,0,0,-
DA:43,0
FN:43,MinimalRouter._unlockCallback
FNDA:0,MinimalRouter._unlockCallback
DA:44,0
DA:45,0
DA:48,0
DA:53,0
DA:64,0
DA:65,0
DA:68,0
BRDA:68,1,0,-
DA:69,0
BRDA:69,2,0,-
DA:72,0
DA:73,0
DA:77,0
FNF:2
FNH:0
LF:16
LH:0
BRF:3
BRH:0
end_of_record
TN:
SF:test/utils/forks/DeployPermit2.sol
DA:17,0
FN:17,DeployPermit2.etchPermit2
FNDA:0,DeployPermit2.etchPermit2
DA:18,4
DA:19,4
DA:23,0
FN:23,DeployPermit2.anvilPermit2
FNDA:0,DeployPermit2.anvilPermit2
DA:24,0
DA:27,0
FNF:2
FNH:0
LF:6
LH:2
BRF:0
BRH:0
end_of_record
