TN:
SF:script/Counter.s.sol
DA:10,0
FN:10,CounterScript.setUp
FNDA:0,CounterScript.setUp
DA:12,0
FN:12,CounterScript.run
FNDA:0,CounterScript.run
DA:13,0
DA:15,0
DA:17,0
FNF:2
FNH:0
LF:5
LH:0
BRF:0
BRH:0
end_of_record
TN:
SF:src/Counter.sol
DA:7,261
FN:7,Counter.setNumber
FNDA:261,Counter.setNumber
DA:8,261
DA:11,1
FN:11,Counter.increment
FNDA:1,Counter.increment
DA:12,1
FNF:2
FNH:2
LF:4
LH:4
BRF:0
BRH:0
end_of_record
TN:
SF:src/PlusPlusPoolHook.sol
DA:45,4
FN:45,PlusPlusPoolHook.getHookPermissions
FNDA:4,PlusPlusPoolHook.getHookPermissions
DA:46,4
DA:64,1034
FN:64,PlusPlusPoolHook._beforeInitialize
FNDA:1034,PlusPlusPoolHook._beforeInitialize
DA:66,1034
DA:67,1034
DA:70,1034
DA:71,1034
DA:73,1034
BRDA:73,0,0,648
DA:74,648
DA:75,648
DA:78,648
DA:79,648
DA:82,1034
DA:85,1034
BRDA:85,1,0,219
DA:86,219
DA:87,219
DA:90,219
DA:91,219
DA:95,1034
BRDA:95,2,0,259
DA:96,259
DA:98,775
DA:101,259
FN:101,PlusPlusPoolHook._beforeAddLiquidity
FNDA:259,PlusPlusPoolHook._beforeAddLiquidity
DA:107,259
DA:110,0
FN:110,PlusPlusPoolHook._beforeRemoveLiquidity
FNDA:0,PlusPlusPoolHook._beforeRemoveLiquidity
DA:116,0
DA:119,259
FN:119,PlusPlusPoolHook.modifyLiquidity
FNDA:259,PlusPlusPoolHook.modifyLiquidity
DA:120,259
DA:123,259
FN:123,PlusPlusPoolHook.unlockCallback
FNDA:259,PlusPlusPoolHook.unlockCallback
DA:124,259
DA:125,259
DA:126,259
DA:127,259
DA:129,259
DA:131,259
DA:132,259
DA:135,259
BRDA:135,3,0,259
BRDA:135,3,1,-
DA:136,259
DA:138,239
BRDA:138,4,0,239
BRDA:138,4,1,239
DA:139,239
DA:140,239
DA:141,239
DA:143,20
DA:145,259
DA:146,0
BRDA:146,5,0,-
DA:147,0
DA:149,0
DA:150,0
BRDA:150,6,0,-
BRDA:150,6,1,-
DA:151,0
DA:152,0
DA:153,0
DA:155,0
DA:160,259
BRDA:160,7,0,-
BRDA:160,7,1,-
DA:161,0
DA:163,0
BRDA:163,8,0,-
BRDA:163,8,1,-
DA:164,0
DA:165,0
DA:166,0
DA:168,0
DA:170,0
DA:171,259
BRDA:171,9,0,-
DA:172,0
DA:174,0
DA:175,0
BRDA:175,10,0,-
BRDA:175,10,1,-
DA:176,0
DA:177,0
DA:178,0
DA:180,0
DA:185,259
DA:186,259
BRDA:186,11,0,259
BRDA:186,11,1,-
DA:187,259
DA:189,0
DA:193,259
FN:193,PlusPlusPoolHook.generateTokenId
FNDA:259,PlusPlusPoolHook.generateTokenId
DA:198,518
FNF:7
FNH:6
LF:73
LH:48
BRF:19
BRH:7
end_of_record
TN:
SF:src/PlusPlusToken.sol
DA:39,17462
FN:39,PlusPlusToken._getPlusPlusTokenStorage
FNDA:17462,PlusPlusToken._getPlusPlusTokenStorage
DA:41,17462
DA:51,2425
FN:51,PlusPlusToken.__PlusPlusToken_init
FNDA:2425,PlusPlusToken.__PlusPlusToken_init
DA:55,2425
DA:56,2425
DA:57,2425
DA:58,2425
DA:59,2425
DA:62,2425
FN:62,PlusPlusToken.__PlusPlusToken_init_unchained
FNDA:2425,PlusPlusToken.__PlusPlusToken_init_unchained
DA:66,2425
DA:67,2425
DA:68,2425
DA:69,2425
DA:75,2425
FN:75,PlusPlusToken.initialize
FNDA:2425,PlusPlusToken.initialize
DA:76,2425
DA:82,2661
FN:82,PlusPlusToken.rawToken
FNDA:2661,PlusPlusToken.rawToken
DA:83,2661
DA:89,1
FN:89,PlusPlusToken.earningToken
FNDA:1,PlusPlusToken.earningToken
DA:90,1
DA:96,1
FN:96,PlusPlusToken.targetRatio
FNDA:1,PlusPlusToken.targetRatio
DA:97,1
DA:103,2
FN:103,PlusPlusToken.lastTotalStake
FNDA:2,PlusPlusToken.lastTotalStake
DA:104,2
DA:107,3347
FN:107,PlusPlusToken._convertPoints
FNDA:3347,PlusPlusToken._convertPoints
DA:109,3347
DA:112,3347
DA:114,3347
DA:116,3347
DA:119,3347
FN:119,PlusPlusToken._updateTotalPoints
FNDA:3347,PlusPlusToken._updateTotalPoints
DA:121,3347
DA:123,3347
DA:125,3347
DA:126,3347
DA:132,2570
FN:132,PlusPlusToken.deposit
FNDA:2570,PlusPlusToken.deposit
DA:134,2570
DA:137,2570
DA:140,2570
DA:143,2570
DA:146,2570
DA:149,2570
DA:155,777
FN:155,PlusPlusToken.withdraw
FNDA:777,PlusPlusToken.withdraw
DA:157,777
DA:160,777
DA:163,777
DA:166,777
DA:169,777
DA:172,777
DA:175,1295
FN:175,PlusPlusToken.points
FNDA:1295,PlusPlusToken.points
DA:177,1295
DA:180,1295
DA:183,1295
DA:186,1036
FN:186,PlusPlusToken.totalPoints
FNDA:1036,PlusPlusToken.totalPoints
DA:188,1036
DA:191,1036
FNF:14
FNH:14
LF:54
LH:54
BRF:0
BRH:0
end_of_record
TN:
SF:src/PlusPlusWrapperHook.sol
DA:31,9
FN:31,PlusPlusWrapperHook.getHookPermissions
FNDA:9,PlusPlusWrapperHook.getHookPermissions
DA:32,9
DA:50,2331
FN:50,PlusPlusWrapperHook._beforeInitialize
FNDA:2331,PlusPlusWrapperHook._beforeInitialize
DA:51,2331
BRDA:51,0,0,259
DA:52,259
DA:54,2072
BRDA:54,1,0,259
DA:55,259
DA:59,1813
DA:60,1813
DA:62,1813
BRDA:62,2,0,1452
DA:63,1452
DA:64,1452
BRDA:64,3,0,1452
DA:66,1452
DA:67,1452
DA:71,361
DA:74,361
BRDA:74,4,0,102
DA:75,102
DA:76,102
BRDA:76,5,0,102
DA:77,102
DA:78,102
DA:79,102
DA:83,259
DA:86,259
FN:86,PlusPlusWrapperHook._beforeAddLiquidity
FNDA:259,PlusPlusWrapperHook._beforeAddLiquidity
DA:92,259
DA:97,1036
FN:97,PlusPlusWrapperHook._beforeSwap
FNDA:1036,PlusPlusWrapperHook._beforeSwap
DA:103,1036
DA:104,1036
DA:106,1036
DA:107,1036
DA:109,1036
BRDA:109,6,0,259
BRDA:109,6,1,259
DA:110,259
DA:111,259
DA:112,259
DA:115,259
DA:118,259
DA:121,259
DA:122,259
DA:125,777
BRDA:125,7,0,259
BRDA:125,7,1,259
DA:126,259
DA:127,259
DA:128,259
DA:129,259
DA:132,259
DA:135,259
DA:138,259
DA:140,259
DA:144,518
BRDA:144,8,0,259
BRDA:144,8,1,259
DA:145,259
DA:146,259
DA:147,259
DA:150,259
DA:153,259
DA:156,259
DA:158,259
DA:162,259
BRDA:162,9,0,259
DA:163,259
DA:164,259
DA:165,259
DA:166,259
DA:169,259
DA:172,259
DA:175,259
DA:177,259
FNF:4
FNH:4
LF:63
LH:63
BRF:13
BRH:13
end_of_record
TN:
SF:test/utils/EasyPosm.sol
DA:30,518
FN:30,EasyPosm.mint
FNDA:518,EasyPosm.mint
DA:42,518
DA:44,518
DA:49,518
DA:51,518
DA:54,518
DA:55,518
DA:56,518
DA:60,0
DA:66,0
FN:66,EasyPosm.increaseLiquidity
FNDA:0,EasyPosm.increaseLiquidity
DA:75,0
DA:77,0
DA:78,0
DA:79,0
DA:80,0
DA:82,0
DA:83,0
DA:85,0
DA:86,0
DA:96,0
DA:102,0
FN:102,EasyPosm.decreaseLiquidity
FNDA:0,EasyPosm.decreaseLiquidity
DA:112,0
DA:114,0
DA:115,0
DA:116,0
DA:118,0
DA:119,0
DA:121,0
DA:125,0
DA:131,0
FN:131,EasyPosm.collect
FNDA:0,EasyPosm.collect
DA:140,0
DA:142,0
DA:144,0
DA:145,0
DA:147,0
DA:148,0
DA:150,0
DA:154,0
DA:160,0
FN:160,EasyPosm.burn
FNDA:0,EasyPosm.burn
DA:169,0
DA:171,0
DA:172,0
DA:173,0
DA:175,0
DA:176,0
DA:178,0
DA:182,0
DA:188,0
FN:188,EasyPosm.getCurrencies
FNDA:0,EasyPosm.getCurrencies
DA:193,0
DA:194,0
FNF:6
FNH:1
LF:50
LH:8
BRF:0
BRH:0
end_of_record
TN:
SF:test/utils/Fixtures.sol
DA:29,0
FN:29,Fixtures.deployAndApprovePosm
FNDA:0,Fixtures.deployAndApprovePosm
DA:30,0
DA:31,0
DA:34,13
FN:34,Fixtures.deployPosm
FNDA:13,Fixtures.deployPosm
DA:36,13
DA:37,13
DA:42,0
FN:42,Fixtures.seedBalance
FNDA:0,Fixtures.seedBalance
DA:43,0
DA:44,0
DA:47,0
FN:47,Fixtures.approvePosm
FNDA:0,Fixtures.approvePosm
DA:48,0
DA:49,0
DA:52,0
FN:52,Fixtures.approvePosmCurrency
FNDA:0,Fixtures.approvePosmCurrency
DA:55,0
DA:57,0
DA:61,0
FN:61,Fixtures.approvePosmFor
FNDA:0,Fixtures.approvePosmFor
DA:62,0
DA:63,0
DA:64,0
DA:67,0
FN:67,Fixtures.permit
FNDA:0,Fixtures.permit
DA:68,0
DA:70,0
DA:71,0
DA:73,0
DA:74,0
DA:77,0
FN:77,Fixtures.getDigest
FNDA:0,Fixtures.getDigest
DA:82,0
FNF:8
FNH:1
LF:27
LH:3
BRF:0
BRH:0
end_of_record
TN:
SF:test/utils/MinimalRouter.sol
DA:30,1036
FN:30,MinimalRouter.swap
FNDA:1036,MinimalRouter.swap
DA:35,1036
DA:39,1036
DA:40,1036
BRDA:40,0,0,-
DA:43,1036
FN:43,MinimalRouter._unlockCallback
FNDA:1036,MinimalRouter._unlockCallback
DA:44,1036
DA:45,1036
DA:48,1036
DA:53,1036
DA:64,1036
DA:65,1036
DA:68,1036
BRDA:68,1,0,518
DA:69,1036
BRDA:69,2,0,518
DA:72,1036
DA:73,1036
DA:77,1036
FNF:2
FNH:2
LF:16
LH:16
BRF:3
BRH:2
end_of_record
TN:
SF:test/utils/forks/DeployPermit2.sol
DA:17,0
FN:17,DeployPermit2.etchPermit2
FNDA:0,DeployPermit2.etchPermit2
DA:18,13
DA:19,13
DA:23,0
FN:23,DeployPermit2.anvilPermit2
FNDA:0,DeployPermit2.anvilPermit2
DA:24,0
DA:27,0
FNF:2
FNH:0
LF:6
LH:2
BRF:0
BRH:0
end_of_record
